 -946237.161  0.
 -895364.765  0.
 -847227.413  0.
 -801678.062  0.
 -758577.573  0.
 -717794.289  0.
 -679203.63  0.
 -642687.715  0.
 -608134.999  0.
 -575439.935  0.
 -544502.65  0.
 -515228.642  0.
 -487528.487  0.
 -461317.571  0.
 -436515.829  0.
 -413047.499  0.
 -390840.893  0.
 -369828.177  0.
 -349945.164  0.
 -331131.118  0.
 -313328.569  0.
 -296483.136  0.
 -280543.361  0.
 -265460.553  0.
 -251188.64  0.
 -237684.026  0.
 -224905.458  0.
 -212813.902  0.
 -201372.422  0.
 -190546.069  0.
 -180301.771  0.
 -170608.236  0.
 -161435.853  0.
 -152756.603  0.
 -144543.975  0.
 -136772.88  0.
 -129419.582  0.
 -122461.618  0.
 -115877.733  0.
 -109647.818  0.
 -103752.84  0.
 -98174.7923  0.
 -92896.6368  0.
 -87902.2498  0.
 -83176.3753  0.
 -78704.5772  0.
 -74473.1957  0.
 -70469.3053  0.
 -66680.6754  0.
 -63095.7329  0.
 -59703.5272  0.
 -56493.6961  0.
 -53456.4346  0.
 -50582.4649  0.
 -47863.008  0.
 -45289.7568  0.
 -42854.8509  0.
 -40550.8524  0.
 -38370.7235  0.
 -36307.8044  0.
 -34355.7938  0.
 -32508.7288  0.
 -30760.9672  0.
 -29107.1703  0.
 -27542.2862  0.
 -26061.5347  0.
 -24660.3926  0.
 -23334.5799  0.
 -22080.0466  0.
 -20892.9606  0.
 -19769.6957  0.
 -18706.8208  0.
 -17701.089  0.
 -16749.4282  0.
 -15848.9314  0.
 -14996.8478  0.
 -14190.5747  0.
 -13427.6491  0.
 -12705.7406  0.
 -12022.6439  0.
 -11376.2724  0.
 -10764.6517  0.
 -10185.9135  0.
 -9638.28985  0.
 -9120.10802  0.
 -8629.78512  0.
 -8165.82337  0.
 -7726.80552  0.
 -7311.39052  0.
 -6918.30941  0.
 -6546.36145  0.
 -6194.41048  0.
 -5861.38138  0.
 -5546.25688  0.
 -5248.07436  0.
 -4965.92299  0.
 -4698.94087  0.
 -4446.31247  0.
 -4207.26608  0.
 -3981.07151  0.
 -3767.03781  0.
 -3564.51116  0.
 -3372.87292  0.
 -3191.5377  0.
 -3019.95157  0.
 -2857.5904  0.
 -2703.95823  0.
 -2558.58575  0.
 -2421.02892  0.
 -2290.86753  0.
 -2167.70399  0.
 -2051.16207  0.
 -1940.88577  0.
 -1836.53824  0.
 -1737.80073  0.
 -1644.37163  0.
 -1555.96554  0.
 -1472.31242  0.
 -1393.15672  0.
 -1318.25666  0.
 -1247.38344  0.
 -1180.32057  0.
 -1116.86318  0.
 -1056.81745  0.
 -999.99994  0.
 -946.237104  0.
 -895.364711  0.
 -847.227362  0.
 -801.678014  0.
 -758.577528  0.
 -717.794246  0.
 -679.20359  0.
 -642.687676  0.
 -608.134962  0.
 -575.4399  0.
 -544.502617  0.
 -515.228611  0.
 -487.528458  0.
 -461.317544  0.
 -436.515803  0.
 -413.047474  0.
 -390.840869  0.
 -369.828154  0.
 -349.945143  0.
 -331.131098  0.
 -313.32855  0.
 -296.483118  0.
 -280.543344  0.
 -265.460537  0.
 -251.188625  0.
 -237.684011  0.
 -224.905444  0.
 -212.813889  0.
 -201.37241  0.
 -190.546058  0.
 -180.301761  0.
 -170.608226  0.
 -161.435843  0.
 -152.756594  0.
 -144.543966  0.
 -136.772872  0.
 -129.419574  0.
 -122.46161  0.
 -115.877726  0.
 -109.647811  0.
 -103.752833  0.
 -98.1747864  0.
 -92.8966312  0.
 -87.9022445  0.
 -83.1763703  0.
 -78.7045725  0.
 -74.4731912  0.
 -70.469301  0.
 -66.6806713  0.
 -63.0957291  0.
 -59.7035236  1.
 -56.4936927  10.
 -53.4564314  19.
 -50.5824619  91.
 -47.8630051  211.
 -45.2897541  542.
 -42.8548483  1171.
 -40.55085  2349.
 -38.3707212  4054.
 -36.3078023  6777.
 -34.3557917  10118.
 -32.5087268  14394.
 -30.7609654  19350.
 -29.1071685  24443.
 -27.5422845  29652.
 -26.0615331  34411.
 -24.6603911  38781.
 -23.3345785  41453.
 -22.0800453  43686.
 -20.8929594  44407.
 -19.7696945  44660.
 -18.7068196  43310.
 -17.7010879  41259.
 -16.7494272  38525.
 -15.8489304  35567.
 -14.9968469  32246.
 -14.1905738  28410.
 -13.4276483  25059.
 -12.7057398  21866.
 -12.0226432  18782.
 -11.3762717  16013.
 -10.7646511  13653.
 -10.1859129  11859.
 -9.63828927  10259.
 -9.12010747  8564.
 -8.6297846  7440.
 -8.16582288  6419.
 -7.72680506  5372.
 -7.31139008  4796.
 -6.91830899  4076.
 -6.54636106  3581.
 -6.19441011  3021.
 -5.86138103  2661.
 -5.54625655  2307.
 -5.24807405  1980.
 -4.96592269  1697.
 -4.69894058  1583.
 -4.4463122  1393.
 -4.20726583  1200.
 -3.98107128  1090.
 -3.76703758  942.
 -3.56451095  843.
 -3.37287272  731.
 -3.1915375  629.
 -3.01995139  612.
 -2.85759023  568.
 -2.70395806  473.
 -2.5585856  457.
 -2.42102877  365.
 -2.29086739  336.
 -2.16770386  320.
 -2.05116195  252.
 -1.94088566  269.
 -1.83653813  211.
 -1.73780063  182.
 -1.64437153  131.
 -1.55596545  105.
 -1.47231233  49.
 -1.39315664  51.
 -1.31825658  40.
 -1.24738337  28.
 -1.1803205  14.
 -1.11686311  13.
 -1.05681738  10.
  1.  13.
  1.05681751  0.
  1.11686325  0.
  1.18032064  0.
  1.24738352  0.
  1.31825674  0.
  1.39315681  0.
  1.47231251  0.
  1.55596564  0.
  1.64437173  0.
  1.73780084  0.
  1.83653835  0.
  1.94088589  0.
  2.05116219  0.
  2.16770412  0.
  2.29086767  0.
  2.42102907  0.
  2.55858591  0.
  2.70395839  0.
  2.85759057  0.
  3.01995175  0.
  3.19153789  1.
  3.37287312  3.
  3.56451137  4.
  3.76703803  16.
  3.98107175  34.
  4.20726634  65.
  4.44631273  131.
  4.69894115  238.
  4.96592328  408.
  5.24807468  641.
  5.54625721  816.
  5.86138174  953.
  6.19441085  995.
  6.54636185  1214.
  6.91830983  1411.
  7.31139096  1664.
  7.72680599  2018.
  8.16582386  2215.
  8.62978564  2681.
  9.12010857  3065.
  9.63829043  3526.
  10.1859141  4080.
  10.7646524  4737.
  11.3762731  5184.
  12.0226446  5976.
  12.7057413  6743.
  13.4276499  6903.
  14.1905755  7754.
  14.9968487  7917.
  15.8489323  7929.
  16.7494292  7557.
  17.70109  6954.
  18.7068219  5967.
  19.7696969  4948.
  20.8929619  3745.
  22.0800479  2733.
  23.3345813  1852.
  24.6603941  1017.
  26.0615362  590.
  27.5422878  286.
  29.107172  145.
  30.7609691  45.
  32.5087307  12.
  34.3557958  5.
  36.3078066  0.
  38.3707258  0.
  40.5508548  0.
  42.8548534  0.
  45.2897595  0.
  47.8630108  0.
  50.5824679  0.
  53.4564378  0.
  56.4936995  0.
  59.7035308  0.
  63.0957367  0.
  66.6806794  0.
  70.4693095  0.
  74.4732002  0.
  78.704582  0.
  83.1763803  0.
  87.9022551  0.
  92.8966423  0.
  98.1747982  0.
  103.752846  0.
  109.647824  0.
  115.87774  0.
  122.461625  0.
  129.41959  0.
  136.772888  0.
  144.543983  0.
  152.756613  0.
  161.435863  0.
  170.608247  0.
  180.301782  0.
  190.54608  0.
  201.372434  0.
  212.813915  0.
  224.905471  0.
  237.68404  0.
  251.188655  0.
  265.460569  0.
  280.543378  0.
  296.483154  0.
  313.328588  0.
  331.131138  0.
  349.945185  0.
  369.828199  0.
  390.840916  0.
  413.047524  0.
  436.515855  0.
  461.317599  0.
  487.528516  0.
  515.228673  0.
  544.502683  0.
  575.439969  0.
  608.135035  0.
  642.687753  0.
  679.203671  0.
  717.794332  0.
  758.577619  0.
  801.67811  0.
  847.227464  0.
  895.364818  0.
  946.237218  0.
  1000.00006  0.
  1056.81757  0.
  1116.86332  0.
  1180.32071  0.
  1247.38359  0.
  1318.25682  0.
  1393.15689  0.
  1472.3126  0.
  1555.96573  0.
  1644.37183  0.
  1737.80094  0.
  1836.53846  0.
  1940.88601  0.
  2051.16231  0.
  2167.70425  0.
  2290.86781  0.
  2421.02921  0.
  2558.58606  0.
  2703.95855  0.
  2857.59074  0.
  3019.95193  0.
  3191.53808  0.
  3372.87332  0.
  3564.51159  0.
  3767.03826  0.
  3981.07199  0.
  4207.26659  0.
  4446.313  0.
  4698.94143  0.
  4965.92358  0.
  5248.07499  0.
  5546.25755  0.
  5861.38209  0.
  6194.41122  0.
  6546.36224  0.
  6918.31024  0.
  7311.3914  0.
  7726.80645  0.
  8165.82435  0.
  8629.78616  0.
  9120.10912  0.
  9638.291  0.
  10185.9147  0.
  10764.653  0.
  11376.2738  0.
  12022.6453  0.
  12705.7421  0.
  13427.6507  0.
  14190.5764  0.
  14996.8496  0.
  15848.9333  0.
  16749.4302  0.
  17701.0911  0.
  18706.823  0.
  19769.6981  0.
  20892.9631  0.
  22080.0492  0.
  23334.5827  0.
  24660.3955  0.
  26061.5378  0.
  27542.2895  0.
  29107.1738  0.
  30760.9709  0.
  32508.7327  0.
  34355.7979  0.
  36307.8088  0.
  38370.7281  0.
  40550.8573  0.
  42854.856  0.
  45289.7622  0.
  47863.0137  0.
  50582.471  0.
  53456.441  0.
  56493.7029  0.
  59703.5344  0.
  63095.7405  0.
  66680.6834  0.
  70469.3137  0.
  74473.2047  0.
  78704.5867  0.
  83176.3853  0.
  87902.2604  0.
  92896.6479  0.
  98174.8041  0.
  103752.852  0.
  109647.831  0.
  115877.747  0.
  122461.632  0.
  129419.597  0.
  136772.897  0.
  144543.992  0.
  152756.622  0.
  161435.873  0.
  170608.257  0.
  180301.793  0.
  190546.092  0.
  201372.446  0.
  212813.927  0.
  224905.485  0.
  237684.054  0.
  251188.67  0.
  265460.585  0.
  280543.394  0.
  296483.171  0.
  313328.607  0.
  331131.158  0.
  349945.206  0.
  369828.221  0.
  390840.94  0.
  413047.548  0.
  436515.882  0.
  461317.627  0.
  487528.546  0.
  515228.703  0.
  544502.715  0.
  575440.004  0.
  608135.072  0.
  642687.792  0.
  679203.712  0.
  717794.375  0.
  758577.664  0.
  801678.158  0.
  847227.515  0.
  895364.872  0.
  946237.275  0.
  1000000.12  0.
